Internal Server Error: /api/get-voice-by-id/061a94a7-f7d3-4f03-8244-2fa1451c1fb3/
Internal Server Error: /api/get-voice-by-id/061a94a7-f7d3-4f03-8244-2fa1451c1fb3/
Error updating scheduled video: 'WSGIRequest' object has no attribute 'data'
Internal Server Error: /api/videos-by-platforms/061a94a7-f7d3-4f03-8244-2fa1451c1fb3/
Error updating scheduled video: 'WSGIRequest' object has no attribute 'data'
Internal Server Error: /api/videos-by-platforms/061a94a7-f7d3-4f03-8244-2fa1451c1fb3/
Error updating scheduled video: 'WSGIRequest' object has no attribute 'data'
Internal Server Error: /api/videos-by-platforms/061a94a7-f7d3-4f03-8244-2fa1451c1fb3/
Error in filter videos by id: 'WSGIRequest' object has no attribute 'get'
Internal Server Error: /api/videos-by-platforms/061a94a7-f7d3-4f03-8244-2fa1451c1fb3/
Error in filter videos by id: 'WSGIRequest' object has no attribute 'get'
Internal Server Error: /api/videos-by-platforms/061a94a7-f7d3-4f03-8244-2fa1451c1fb3/
Error in filter videos by id: 'WSGIRequest' object has no attribute 'get'
Internal Server Error: /api/videos-by-platforms/061a94a7-f7d3-4f03-8244-2fa1451c1fb3/
Error in filter videos by id: 'WSGIRequest' object has no attribute 'get'
Internal Server Error: /api/videos-by-platforms/061a94a7-f7d3-4f03-8244-2fa1451c1fb3/
Unexpected error: expected str, bytes or os.PathLike object, not dict
Internal Server Error: /api/upload-templates/
Unexpected error: expected str, bytes or os.PathLike object, not dict
Internal Server Error: /api/upload-templates/
Unexpected error: expected str, bytes or os.PathLike object, not dict
Internal Server Error: /api/upload-templates/
Unexpected error: expected str, bytes or os.PathLike object, not dict
Internal Server Error: /api/upload-templates/
Unexpected error: expected str, bytes or os.PathLike object, not dict
Internal Server Error: /api/upload-templates/
Unexpected error: 'dict' object has no attribute 'url'
Internal Server Error: /api/upload-templates/
Unexpected error: 'dict' object has no attribute 'url'
Internal Server Error: /api/upload-templates/
Unexpected error: NOT NULL constraint failed: core_template.user_id
Internal Server Error: /api/upload-templates/
Error in clear_folder_and_upload: file names must not contain '//'
Error in clear_folder_and_upload: file names must not contain '//'
Internal Server Error: /api/get-voice-by-id/061a94a7-f7d3-4f03-8244-2fa1451c1fb3/
Internal Server Error: /api/get-voice-by-id/061a94a7-f7d3-4f03-8244-2fa1451c1fb3/
Internal Server Error: /api/get-voice-by-id/061a94a7-f7d3-4f03-8244-2fa1451c1fb3/
Internal Server Error: /api/get-voice-by-id/061a94a7-f7d3-4f03-8244-2fa1451c1fb3/
Internal Server Error: /api/create-video/
Error while getting data from creating video ('Connection aborted.', ConnectionResetError(10054, 'An existing connection was forcibly closed by the remote host', None, 10054, None))
Internal Server Error: /api/create-video/
Internal Server Error: /api/create-video/
Error while getting data from creating video In order to allow non-dict objects to be serialized set the safe parameter to False.
Error while getting data from creating video In order to allow non-dict objects to be serialized set the safe parameter to False.
Error while getting data from creating video HTTPConnectionPool(host='127.0.0.1', port=5000): Max retries exceeded with url: /api/create-video (Caused by NewConnectionError('<urllib3.connection.HTTPConnection object at 0x0000024BC1A3D6A0>: Failed to establish a new connection: [WinError 10061] No connection could be made because the target machine actively refused it'))
Error while getting data from creating video ('Connection aborted.', ConnectionResetError(10054, 'An existing connection was forcibly closed by the remote host', None, 10054, None))
Error while getting data from creating video ('Connection aborted.', ConnectionResetError(10054, 'An existing connection was forcibly closed by the remote host', None, 10054, None))
Internal Server Error: /api/create-video/
Internal Server Error: /api/create-video/
Internal Server Error: /api/create-video/
Internal Server Error: /api/create-video/
Internal Server Error: /api/create-video/
Error while getting data from creating video HTTPConnectionPool(host='127.0.0.1', port=5000): Max retries exceeded with url: /api/create-video (Caused by NewConnectionError('<urllib3.connection.HTTPConnection object at 0x0000024BC19E7260>: Failed to establish a new connection: [WinError 10061] No connection could be made because the target machine actively refused it'))
Internal Server Error: /api/create-video/
Internal Server Error: /api/create-video/
Error while getting data from creating video Expecting value: line 1 column 1 (char 0)
Internal Server Error: /api/create-video/
Internal Server Error: /api/create-video/
Internal Server Error: /api/create-video/
Internal Server Error: /api/create-video/
Error while getting data from creating video HTTPConnectionPool(host='127.0.0.1', port=5000): Max retries exceeded with url: /api/create-video (Caused by NewConnectionError('<urllib3.connection.HTTPConnection object at 0x0000024BC1AAF9B0>: Failed to establish a new connection: [WinError 10061] No connection could be made because the target machine actively refused it'))
Error while getting data from creating video HTTPConnectionPool(host='127.0.0.1', port=5000): Max retries exceeded with url: /api/create-video (Caused by NewConnectionError('<urllib3.connection.HTTPConnection object at 0x0000024BC19CF740>: Failed to establish a new connection: [WinError 10061] No connection could be made because the target machine actively refused it'))
Error while getting data from creating video HTTPConnectionPool(host='127.0.0.1', port=5000): Max retries exceeded with url: /api/create-video (Caused by NewConnectionError('<urllib3.connection.HTTPConnection object at 0x0000024BC19CE270>: Failed to establish a new connection: [WinError 10061] No connection could be made because the target machine actively refused it'))
Internal Server Error: /api/get-voice-by-id/061a94a7-f7d3-4f03-8244-2fa1451c1fb3/
Internal Server Error: /api/get-voice-by-id/061a94a7-f7d3-4f03-8244-2fa1451c1fb3/
Internal Server Error: /api/get-voice-by-id/061a94a7-f7d3-4f03-8244-2fa1451c1fb3/
Internal Server Error: /api/get-voice-by-id/061a94a7-f7d3-4f03-8244-2fa1451c1fb3/
Internal Server Error: /api/get-voice-by-id/061a94a7-f7d3-4f03-8244-2fa1451c1fb3/
Internal Server Error: /api/get-voice-by-id/061a94a7-f7d3-4f03-8244-2fa1451c1fb3/
Internal Server Error: /api/create-video/
Internal Server Error: /api/create-video/
Error while getting data from creating video ('Connection aborted.', ConnectionResetError(10054, 'An existing connection was forcibly closed by the remote host', None, 10054, None))
Internal Server Error: /api/create-video/
Internal Server Error: /api/get-voice-by-id/061a94a7-f7d3-4f03-8244-2fa1451c1fb3/
Internal Server Error: /api/get-voice-by-id/061a94a7-f7d3-4f03-8244-2fa1451c1fb3/
Internal Server Error: /api/get-voice-by-id/061a94a7-f7d3-4f03-8244-2fa1451c1fb3/
Internal Server Error: /api/get-voice-by-id/061a94a7-f7d3-4f03-8244-2fa1451c1fb3/
Internal Server Error: /api/get-voice-by-id/061a94a7-f7d3-4f03-8244-2fa1451c1fb3/
Internal Server Error: /api/get-voice-by-id/061a94a7-f7d3-4f03-8244-2fa1451c1fb3/
Internal Server Error: /api/create-video/
Internal Server Error: /api/create-video/
Internal Server Error: /api/create-video/
Internal Server Error: /api/create-video/
Internal Server Error: /api/create-video/
Internal Server Error: /api/get-voice-by-id/061a94a7-f7d3-4f03-8244-2fa1451c1fb3/
Internal Server Error: /api/get-voice-by-id/061a94a7-f7d3-4f03-8244-2fa1451c1fb3/
Internal Server Error: /api/create-video/
Internal Server Error: /api/get-voice-by-id/061a94a7-f7d3-4f03-8244-2fa1451c1fb3/
Internal Server Error: /api/get-voice-by-id/061a94a7-f7d3-4f03-8244-2fa1451c1fb3/
Internal Server Error: /api/get-voice-by-id/061a94a7-f7d3-4f03-8244-2fa1451c1fb3/
Internal Server Error: /api/get-voice-by-id/061a94a7-f7d3-4f03-8244-2fa1451c1fb3/
Internal Server Error: /api/get-voice-by-id/061a94a7-f7d3-4f03-8244-2fa1451c1fb3/
Internal Server Error: /api/get-voice-by-id/061a94a7-f7d3-4f03-8244-2fa1451c1fb3/
Internal Server Error: /api/get-voice-by-id/061a94a7-f7d3-4f03-8244-2fa1451c1fb3/
Internal Server Error: /api/get-voice-by-id/061a94a7-f7d3-4f03-8244-2fa1451c1fb3/
Internal Server Error: /api/get-voice-by-id/061a94a7-f7d3-4f03-8244-2fa1451c1fb3/
Internal Server Error: /api/get-voice-by-id/061a94a7-f7d3-4f03-8244-2fa1451c1fb3/
Internal Server Error: /api/get-voice-by-id/061a94a7-f7d3-4f03-8244-2fa1451c1fb3/
Internal Server Error: /api/get-voice-by-id/061a94a7-f7d3-4f03-8244-2fa1451c1fb3/
Error in filter videos by id: 'WSGIRequest' object has no attribute 'data'
Error in filter videos by id: 'WSGIRequest' object has no attribute 'data'
Internal Server Error: /api/videos-by-platforms/061a94a7-f7d3-4f03-8244-2fa1451c1fb3/
Internal Server Error: /api/videos-by-platforms/061a94a7-f7d3-4f03-8244-2fa1451c1fb3/
Error in filter videos by id: 'WSGIRequest' object has no attribute 'data'
Internal Server Error: /api/videos-by-platforms/061a94a7-f7d3-4f03-8244-2fa1451c1fb3/
Error in filter videos by id: 'WSGIRequest' object has no attribute 'data'
Internal Server Error: /api/videos-by-platforms/061a94a7-f7d3-4f03-8244-2fa1451c1fb3/
Error in filter videos by id: 'WSGIRequest' object has no attribute 'data'
Internal Server Error: /api/videos-by-platforms/061a94a7-f7d3-4f03-8244-2fa1451c1fb3/
Error in filter videos by id: 'WSGIRequest' object has no attribute 'data'
Internal Server Error: /api/videos-by-platforms/061a94a7-f7d3-4f03-8244-2fa1451c1fb3/
Error in filter videos by id: 'WSGIRequest' object has no attribute 'data'
Internal Server Error: /api/videos-by-platforms/061a94a7-f7d3-4f03-8244-2fa1451c1fb3/
Error in filter videos by id: 'WSGIRequest' object has no attribute 'data'
Internal Server Error: /api/videos-by-platforms/061a94a7-f7d3-4f03-8244-2fa1451c1fb3/
Internal Server Error: /api/get-voice-by-id/061a94a7-f7d3-4f03-8244-2fa1451c1fb3/
Internal Server Error: /api/get-voice-by-id/061a94a7-f7d3-4f03-8244-2fa1451c1fb3/
Error while getting data from creating video ('Connection aborted.', ConnectionResetError(10054, 'An existing connection was forcibly closed by the remote host', None, 10054, None))
Error while getting data from creating video Expecting value: line 1 column 1 (char 0)
Error while getting data from creating video ('Connection aborted.', ConnectionResetError(10054, 'An existing connection was forcibly closed by the remote host', None, 10054, None))
Internal Server Error: /api/get-voice-by-id/061a94a7-f7d3-4f03-8244-2fa1451c1fb3/
Internal Server Error: /api/get-voice-by-id/061a94a7-f7d3-4f03-8244-2fa1451c1fb3/
Internal Server Error: /api/get-voice-by-id/061a94a7-f7d3-4f03-8244-2fa1451c1fb3/
Error in filter videos by id: 'WSGIRequest' object has no attribute 'data'
Error in filter videos by id: 'WSGIRequest' object has no attribute 'data'
Internal Server Error: /api/videos-by-platforms/061a94a7-f7d3-4f03-8244-2fa1451c1fb3/
Internal Server Error: /api/videos-by-platforms/061a94a7-f7d3-4f03-8244-2fa1451c1fb3/
Internal Server Error: /api/get-voice-by-id/061a94a7-f7d3-4f03-8244-2fa1451c1fb3/
Internal Server Error: /api/get-voice-by-id/061a94a7-f7d3-4f03-8244-2fa1451c1fb3/
Error in filter videos by id: 'WSGIRequest' object has no attribute 'data'
Error in filter videos by id: 'WSGIRequest' object has no attribute 'data'
Internal Server Error: /api/videos-by-platforms/061a94a7-f7d3-4f03-8244-2fa1451c1fb3/
Internal Server Error: /api/videos-by-platforms/061a94a7-f7d3-4f03-8244-2fa1451c1fb3/
Error in filter videos by id: 'WSGIRequest' object has no attribute 'data'
Internal Server Error: /api/videos-by-platforms/061a94a7-f7d3-4f03-8244-2fa1451c1fb3/
Media upload error: Missing account data: allowed
Unexpected error: Failed to upload media
Internal Server Error: /api/upload-templates/
Internal Server Error: /api/get-voice-by-id/061a94a7-f7d3-4f03-8244-2fa1451c1fb3/
Internal Server Error: /api/get-voice-by-id/061a94a7-f7d3-4f03-8244-2fa1451c1fb3/
Internal Server Error: /api/get-voice-by-id/061a94a7-f7d3-4f03-8244-2fa1451c1fb3/
Internal Server Error: /api/get-voice-by-id/061a94a7-f7d3-4f03-8244-2fa1451c1fb3/
Get ElevenLabs voices error: ('Connection aborted.', ConnectionResetError(10054, 'An existing connection was forcibly closed by the remote host', None, 10054, None))
Internal Server Error: /api/voice-models/
Internal Server Error: /api/get-voice-by-id/061a94a7-f7d3-4f03-8244-2fa1451c1fb3/
Internal Server Error: /api/get-voice-by-id/061a94a7-f7d3-4f03-8244-2fa1451c1fb3/
Internal Server Error: /api/get-voice-by-id/061a94a7-f7d3-4f03-8244-2fa1451c1fb3/
Internal Server Error: /api/get-voice-by-id/061a94a7-f7d3-4f03-8244-2fa1451c1fb3/
Internal Server Error: /api/get-voice-by-id/061a94a7-f7d3-4f03-8244-2fa1451c1fb3/
Error while getting data from creating video ('Connection aborted.', ConnectionResetError(10054, 'An existing connection was forcibly closed by the remote host', None, 10054, None))
Error while getting data from creating video ('Connection aborted.', ConnectionResetError(10054, 'An existing connection was forcibly closed by the remote host', None, 10054, None))
Error while getting data from creating video ('Connection aborted.', ConnectionResetError(10054, 'An existing connection was forcibly closed by the remote host', None, 10054, None))
Error while getting data from creating video ('Connection aborted.', ConnectionResetError(10054, 'An existing connection was forcibly closed by the remote host', None, 10054, None))
Error while getting data from creating video Expecting value: line 1 column 1 (char 0)
Internal Server Error: /api/get-voice-by-id/061a94a7-f7d3-4f03-8244-2fa1451c1fb3/
Internal Server Error: /api/get-voice-by-id/061a94a7-f7d3-4f03-8244-2fa1451c1fb3/
Error while getting data from creating video ('Connection aborted.', ConnectionResetError(10054, 'An existing connection was forcibly closed by the remote host', None, 10054, None))
Error while getting data from creating video ('Connection aborted.', ConnectionResetError(10054, 'An existing connection was forcibly closed by the remote host', None, 10054, None))
Error while getting data from creating video HTTPConnectionPool(host='127.0.0.1', port=5000): Max retries exceeded with url: /api/create-video (Caused by NewConnectionError('<urllib3.connection.HTTPConnection object at 0x000002C205011970>: Failed to establish a new connection: [WinError 10061] No connection could be made because the target machine actively refused it'))
Error while getting data from creating video Expecting value: line 1 column 1 (char 0)
Error while getting data from creating video ('Connection aborted.', ConnectionResetError(10054, 'An existing connection was forcibly closed by the remote host', None, 10054, None))
Error while getting data from creating video ('Connection aborted.', ConnectionResetError(10054, 'An existing connection was forcibly closed by the remote host', None, 10054, None))
Error in filter videos by id: 'WSGIRequest' object has no attribute 'data'
Error in filter videos by id: 'WSGIRequest' object has no attribute 'data'
Internal Server Error: /api/videos-by-platforms/061a94a7-f7d3-4f03-8244-2fa1451c1fb3/
Internal Server Error: /api/videos-by-platforms/061a94a7-f7d3-4f03-8244-2fa1451c1fb3/
Internal Server Error: /api/create-video/
Error while getting data from creating video 'voiceId'
Error while getting data from creating video 'voiceId'
Error while getting data from creating video HTTPConnectionPool(host='127.0.0.1', port=5000): Max retries exceeded with url: /api/create-video (Caused by NewConnectionError('<urllib3.connection.HTTPConnection object at 0x00000266D9A423C0>: Failed to establish a new connection: [WinError 10061] No connection could be made because the target machine actively refused it'))
Error while getting data from creating video Expecting value: line 1 column 1 (char 0)
Error while getting data from creating video ('Connection aborted.', ConnectionResetError(10054, 'An existing connection was forcibly closed by the remote host', None, 10054, None))
Get ElevenLabs voices error: HTTPConnectionPool(host='127.0.0.1', port=5000): Max retries exceeded with url: /api/voice-models (Caused by NewConnectionError('<urllib3.connection.HTTPConnection object at 0x00000266D99DB6B0>: Failed to establish a new connection: [WinError 10061] No connection could be made because the target machine actively refused it'))
Internal Server Error: /api/voice-models/
Get ElevenLabs voices error: HTTPConnectionPool(host='127.0.0.1', port=5000): Max retries exceeded with url: /api/voice-models (Caused by NewConnectionError('<urllib3.connection.HTTPConnection object at 0x00000266D99DA4B0>: Failed to establish a new connection: [WinError 10061] No connection could be made because the target machine actively refused it'))
Internal Server Error: /api/voice-models/
Internal Server Error: /api/get-voice-by-id/061a94a7-f7d3-4f03-8244-2fa1451c1fb3/
Internal Server Error: /api/get-voice-by-id/061a94a7-f7d3-4f03-8244-2fa1451c1fb3/
Internal Server Error: /api/get-voice-by-id/061a94a7-f7d3-4f03-8244-2fa1451c1fb3/
Error while getting data from creating video ('Connection aborted.', ConnectionResetError(10054, 'An existing connection was forcibly closed by the remote host', None, 10054, None))
Error while getting data from creating video ('Connection aborted.', ConnectionResetError(10054, 'An existing connection was forcibly closed by the remote host', None, 10054, None))
Error in filter videos by id: 'WSGIRequest' object has no attribute 'data'
Internal Server Error: /api/videos-by-platforms/061a94a7-f7d3-4f03-8244-2fa1451c1fb3/
Error in filter videos by id: 'WSGIRequest' object has no attribute 'data'
Internal Server Error: /api/videos-by-platforms/061a94a7-f7d3-4f03-8244-2fa1451c1fb3/
Error in filter videos by id: 'WSGIRequest' object has no attribute 'data'
Error in filter videos by id: 'WSGIRequest' object has no attribute 'data'
Internal Server Error: /api/videos-by-platforms/061a94a7-f7d3-4f03-8244-2fa1451c1fb3/
Internal Server Error: /api/videos-by-platforms/061a94a7-f7d3-4f03-8244-2fa1451c1fb3/
Internal Server Error: /api/get-voice-by-id/061a94a7-f7d3-4f03-8244-2fa1451c1fb3/
Internal Server Error: /api/get-voice-by-id/061a94a7-f7d3-4f03-8244-2fa1451c1fb3/
Something went wrong in upload_video: Object of type set is not JSON serializable
Something went wrong in upload_video: the JSON object must be str, bytes or bytearray, not QueryDict
Something went wrong in upload_video: a bytes-like object is required, not 'str'
Error in filter videos by id: 'WSGIRequest' object has no attribute 'data'
Error in filter videos by id: 'WSGIRequest' object has no attribute 'data'
Internal Server Error: /api/videos-by-platforms/061a94a7-f7d3-4f03-8244-2fa1451c1fb3/
Internal Server Error: /api/videos-by-platforms/061a94a7-f7d3-4f03-8244-2fa1451c1fb3/
Internal Server Error: /api/get-voice-by-id/061a94a7-f7d3-4f03-8244-2fa1451c1fb3/
Internal Server Error: /api/get-voice-by-id/061a94a7-f7d3-4f03-8244-2fa1451c1fb3/
Error while getting data from creating video ('Connection aborted.', ConnectionResetError(10054, 'An existing connection was forcibly closed by the remote host', None, 10054, None))
Internal Server Error: /api/get-voice-by-id/061a94a7-f7d3-4f03-8244-2fa1451c1fb3/
Internal Server Error: /api/get-voice-by-id/061a94a7-f7d3-4f03-8244-2fa1451c1fb3/
Error in filter videos by id: 'WSGIRequest' object has no attribute 'data'
Error in filter videos by id: 'WSGIRequest' object has no attribute 'data'
Internal Server Error: /api/videos-by-platforms/061a94a7-f7d3-4f03-8244-2fa1451c1fb3/
Internal Server Error: /api/videos-by-platforms/061a94a7-f7d3-4f03-8244-2fa1451c1fb3/
Error in filter videos by id: 'WSGIRequest' object has no attribute 'data'
Internal Server Error: /api/videos-by-platforms/061a94a7-f7d3-4f03-8244-2fa1451c1fb3/
Error in filter videos by id: 'WSGIRequest' object has no attribute 'data'
Internal Server Error: /api/videos-by-platforms/061a94a7-f7d3-4f03-8244-2fa1451c1fb3/
Error in filter videos by id: 'WSGIRequest' object has no attribute 'data'
Internal Server Error: /api/videos-by-platforms/061a94a7-f7d3-4f03-8244-2fa1451c1fb3/
Error in filter videos by id: 'WSGIRequest' object has no attribute 'data'
Internal Server Error: /api/videos-by-platforms/061a94a7-f7d3-4f03-8244-2fa1451c1fb3/
Internal Server Error: /api/get-voice-by-id/061a94a7-f7d3-4f03-8244-2fa1451c1fb3/
Internal Server Error: /api/get-voice-by-id/061a94a7-f7d3-4f03-8244-2fa1451c1fb3/
Error in filter videos by id: 'WSGIRequest' object has no attribute 'data'
Internal Server Error: /api/videos-by-platforms/061a94a7-f7d3-4f03-8244-2fa1451c1fb3/
Error in filter videos by id: 'WSGIRequest' object has no attribute 'data'
Internal Server Error: /api/videos-by-platforms/061a94a7-f7d3-4f03-8244-2fa1451c1fb3/
Error in filter videos by id: 'WSGIRequest' object has no attribute 'data'
Internal Server Error: /api/videos-by-platforms/061a94a7-f7d3-4f03-8244-2fa1451c1fb3/
Error in filter videos by id: 'WSGIRequest' object has no attribute 'data'
Internal Server Error: /api/videos-by-platforms/061a94a7-f7d3-4f03-8244-2fa1451c1fb3/
An error occurred while generating captions: Failed to load audio: 
An error occurred while generating captions: Failed to load audio: 
An error occurred while generating captions: Failed to load audio: 
An error occurred while generating captions: Failed to load audio: 
An error occurred while generating captions: Failed to load audio: 
An error occurred while generating captions: Failed to load audio: 
C:\Users\USER\Documents\Coding\sidehustles\Tweetflow\backend\media/6cb7d5cf-58e4-46db-8dbc-c19fbedb7523\output.mp3
An error occurred while generating captions: Failed to load audio: 
C:\Users\USER\Documents\Coding\sidehustles\Tweetflow\backend\media/f6dca7fb-6833-4ee2-b704-2c2d6b2ba2db\output.mp3
An error occurred while generating captions: level must be an integer
C:\Users\USER\Documents\Coding\sidehustles\Tweetflow\backend\media/f0c30f91-807a-40c3-8a8e-ae54ed5ef14d\output.mp3
C:\Users\USER\Documents\Coding\sidehustles\Tweetflow\backend\media/fa9dd3ec-74a0-4bc9-a5ea-e758bbe2c8eb\output.mp3
An error occurred while generating captions: Failed to load audio: 
C:\Users\USER\Documents\Coding\sidehustles\Tweetflow\backend\media/7c63b290-3cdb-447e-83c6-e8bb6f90510d\output.mp3
An error occurred while generating captions: Failed to load audio: 
C:\Users\USER\Documents\Coding\sidehustles\Tweetflow\backend\media/ab809819-0e45-412d-86c1-57c7b3fe2119\output.mp3
[{'text': ' I am Legend.', 'startMs': 0, 'endMs': 2000, 'timestampMs': None, 'confidence': None}]
C:\Users\USER\Documents\Coding\sidehustles\Tweetflow\backend\media/9c893f1f-0e3f-401a-8433-ef0199e958d4\output.mp3
[{'text': ' I am legend. Wait a minute here and how you leave its tentos in when we stand in', 'startMs': 0, 'endMs': 7680, 'timestampMs': None, 'confidence': None}, {'text': ' all business I am a big stepa. On the ground methods top notch hose get the most and not', 'startMs': 7680, 'endMs': 16320, 'timestampMs': None, 'confidence': None}, {'text': ' he laser.', 'startMs': 16320, 'endMs': 17280, 'timestampMs': None, 'confidence': None}]
C:\Users\USER\Documents\Coding\sidehustles\Tweetflow\backend\media/16b7caa2-2818-4a8c-822a-5220c87697ec\output.mp3
[{'text': ' I am legendary, I am opaque, I am him.', 'startMs': 0, 'endMs': 5040, 'timestampMs': None, 'confidence': None}, {'text': ' I am undisputed, I am the ghost, the legend.', 'startMs': 5040, 'endMs': 9840, 'timestampMs': None, 'confidence': None}]
C:\Users\USER\Documents\Coding\sidehustles\Tweetflow\backend\media/d3bdf672-60eb-4e80-b14d-5f881bbf3ed8\output.mp3
An error occurred while generating captions: '>=' not supported between instances of 'int' and 'str'
C:\Users\USER\Documents\Coding\sidehustles\Tweetflow\backend\media/26b8609d-1765-4883-b08f-8c7ea2365796\output.mp3
An error occurred while generating captions: invalid literal for int() with base 10: 'C:\\Users\\USER\\Documents\\Coding\\sidehustles\\Tweetflow\\backend\\media/26b8609d-1765-4883-b08f-8c7ea2365796\\output.mp3'
C:\Users\USER\Documents\Coding\sidehustles\Tweetflow\backend\media/ac2d8f73-d968-43ea-8845-a0f056752c13\output.mp3
An error occurred while generating captions: invalid literal for int() with base 10: 'C:\\Users\\USER\\Documents\\Coding\\sidehustles\\Tweetflow\\backend\\media/ac2d8f73-d968-43ea-8845-a0f056752c13\\output.mp3'
C:\Users\USER\Documents\Coding\sidehustles\Tweetflow\backend\media/1b044e43-c7d1-4f82-95ec-caebe6b05156\output.mp3
An error occurred while generating captions: invalid literal for int() with base 10: 'C:\\Users\\USER\\Documents\\Coding\\sidehustles\\Tweetflow\\backend\\media/1b044e43-c7d1-4f82-95ec-caebe6b05156\\output.mp3'
C:\Users\USER\Documents\Coding\sidehustles\Tweetflow\backend\media/117f1284-51af-48f0-ae0f-4ea0426e71b5\output.mp3
An error occurred while generating captions: invalid literal for int() with base 10: 'C:\\Users\\USER\\Documents\\Coding\\sidehustles\\Tweetflow\\backend\\media/117f1284-51af-48f0-ae0f-4ea0426e71b5\\output.mp3'
C:\Users\USER\Documents\Coding\sidehustles\Tweetflow\backend\media/3e15a922-ed24-4810-8479-e9a6af9f8b60\output.mp3
[{'text': 'I am legendary, I am opaque, I am him. I', 'startMs': 0, 'endMs': 5573}, {'text': 'am undisputed, I am the ghost, the legend.', 'startMs': 5573, 'endMs': 9840}]
C:\Users\USER\Documents\Coding\sidehustles\Tweetflow\backend\media/a864e06a-5f15-46e5-b34c-62d7f2fb3b3b\output.mp3
[{'text': 'I', 'startMs': 0, 'endMs': 560}, {'text': 'am', 'startMs': 560, 'endMs': 1120}, {'text': 'legendary,', 'startMs': 1120, 'endMs': 1680}, {'text': 'I', 'startMs': 1680, 'endMs': 2240}, {'text': 'am', 'startMs': 2240, 'endMs': 2800}, {'text': 'opaque,', 'startMs': 2800, 'endMs': 3360}, {'text': 'I', 'startMs': 3360, 'endMs': 3920}, {'text': 'am', 'startMs': 3920, 'endMs': 4480}, {'text': 'him.', 'startMs': 4480, 'endMs': 5040}, {'text': 'I', 'startMs': 5040, 'endMs': 5573}, {'text': 'am', 'startMs': 5573, 'endMs': 6106}, {'text': 'undisputed,', 'startMs': 6106, 'endMs': 6640}, {'text': 'I', 'startMs': 6640, 'endMs': 7173}, {'text': 'am', 'startMs': 7173, 'endMs': 7706}, {'text': 'the', 'startMs': 7706, 'endMs': 8240}, {'text': 'ghost,', 'startMs': 8240, 'endMs': 8773}, {'text': 'the', 'startMs': 8773, 'endMs': 9306}, {'text': 'legend.', 'startMs': 9306, 'endMs': 9840}]
C:\Users\USER\Documents\Coding\sidehustles\Tweetflow\backend\media/ad7d3b61-cd63-493d-9c68-a0d3015b3afc\output.mp3
[{'text': 'Hello', 'startMs': 0, 'endMs': 470, 'timestampMs': 235, 'confidence': None}, {'text': 'world!', 'startMs': 470, 'endMs': 940, 'timestampMs': 705, 'confidence': None}, {'text': 'I', 'startMs': 940, 'endMs': 1410, 'timestampMs': 1175, 'confidence': None}, {'text': 'hope', 'startMs': 1410, 'endMs': 1880, 'timestampMs': 1645, 'confidence': None}, {'text': 'this', 'startMs': 1880, 'endMs': 2350, 'timestampMs': 2115, 'confidence': None}, {'text': 'sheet', 'startMs': 2350, 'endMs': 2820, 'timestampMs': 2585, 'confidence': None}, {'text': 'work', 'startMs': 2820, 'endMs': 3290, 'timestampMs': 3055, 'confidence': None}, {'text': 'here,', 'startMs': 3290, 'endMs': 3760, 'timestampMs': 3525, 'confidence': None}, {'text': 'because', 'startMs': 3760, 'endMs': 4140, 'timestampMs': 3950, 'confidence': None}, {'text': 'I', 'startMs': 4140, 'endMs': 4520, 'timestampMs': 4330, 'confidence': None}, {'text': 'need', 'startMs': 4520, 'endMs': 4900, 'timestampMs': 4710, 'confidence': None}, {'text': 'this', 'startMs': 4900, 'endMs': 5280, 'timestampMs': 5090, 'confidence': None}, {'text': 'to', 'startMs': 5280, 'endMs': 5660, 'timestampMs': 5470, 'confidence': None}, {'text': 'work', 'startMs': 5660, 'endMs': 6040, 'timestampMs': 5850, 'confidence': None}, {'text': 'so', 'startMs': 6040, 'endMs': 6420, 'timestampMs': 6230, 'confidence': None}, {'text': 'I', 'startMs': 6420, 'endMs': 6800, 'timestampMs': 6610, 'confidence': None}, {'text': 'can', 'startMs': 6800, 'endMs': 7180, 'timestampMs': 6990, 'confidence': None}, {'text': 'start', 'startMs': 7180, 'endMs': 7560, 'timestampMs': 7370, 'confidence': None}, {'text': 'thinking', 'startMs': 7560, 'endMs': 7940, 'timestampMs': 7750, 'confidence': None}, {'text': 'of', 'startMs': 7940, 'endMs': 8320, 'timestampMs': 8130, 'confidence': None}, {'text': 'deployment', 'startMs': 8320, 'endMs': 8986, 'timestampMs': 8653, 'confidence': None}, {'text': 'and', 'startMs': 8986, 'endMs': 9653, 'timestampMs': 9320, 'confidence': None}, {'text': 'sheets.', 'startMs': 9653, 'endMs': 10320, 'timestampMs': 9986, 'confidence': None}]
Internal Server Error: /api/get-voice-by-id/061a94a7-f7d3-4f03-8244-2fa1451c1fb3/
Internal Server Error: /api/get-voice-by-id/061a94a7-f7d3-4f03-8244-2fa1451c1fb3/
C:\Users\USER\Documents\Coding\sidehustles\Tweetflow\backend\media/61969139-edbb-4028-9adc-9fcfb4f64562\output.mp3
[{'text': 'Build.csc.', 'startMs': 0, 'endMs': 1166, 'timestampMs': 583, 'confidence': None}, {'text': 'Start.', 'startMs': 1166, 'endMs': 2333, 'timestampMs': 1750, 'confidence': None}, {'text': 'Note', 'startMs': 2333, 'endMs': 3500, 'timestampMs': 2916, 'confidence': None}, {'text': 'this', 'startMs': 3500, 'endMs': 4666, 'timestampMs': 4083, 'confidence': None}, {'text': 'slash', 'startMs': 4666, 'endMs': 5833, 'timestampMs': 5250, 'confidence': None}, {'text': 'index.js.', 'startMs': 5833, 'endMs': 7000, 'timestampMs': 6416, 'confidence': None}]
Internal Server Error: /api/get-voice-by-id/061a94a7-f7d3-4f03-8244-2fa1451c1fb3/
C:\Users\USER\Documents\Coding\sidehustles\Tweetflow\backend\media/cd08d04e-2a45-40b4-97c8-2f52b52a86a1\output.mp3
[{'text': 'Hello world epic joeel. I hope that this shit works', 'startMs': 0, 'endMs': 4720, 'confidence': None}, {'text': 'Hello world epic everybody we called we leave we love', 'startMs': 4720, 'endMs': 10053, 'confidence': None}, {'text': 'we lie', 'startMs': 10053, 'endMs': 11120, 'confidence': None}]
Error while processing video creation: 'list' object has no attribute 'length'
C:\Users\USER\Documents\Coding\sidehustles\Tweetflow\backend\media/7df822e9-1b35-418f-8607-c3c32b6df8bb\output.mp3
[{'text': 'Hello world epic joeel. I hope that this shit works', 'startMs': 0, 'endMs': 4720, 'confidence': None}, {'text': 'Hello world epic everybody we called we leave we love', 'startMs': 4720, 'endMs': 10053, 'confidence': None}, {'text': 'we lie', 'startMs': 10053, 'endMs': 11120, 'confidence': None}]
An error occurred while generating duration in frmes: 'list' object has no attribute 'length'
C:\Users\USER\Documents\Coding\sidehustles\Tweetflow\backend\media/a2e68754-a954-4ad0-a94e-a37c3f7b7b06\output.mp3
[{'text': 'Hello world epic joeel. I hope that this shit works', 'startMs': 0, 'endMs': 4720, 'confidence': None}, {'text': 'Hello world epic everybody we called we leave we love', 'startMs': 4720, 'endMs': 10053, 'confidence': None}, {'text': 'we lie', 'startMs': 10053, 'endMs': 11120, 'confidence': None}]
An error occurred while generating duration in frmes: 'dict' object has no attribute 'endMs'
C:\Users\USER\Documents\Coding\sidehustles\Tweetflow\backend\media/acfe4954-daa5-4365-aff5-6cd611c075c3\output.mp3
[{'text': 'Hello world epic joeel. I hope that this shit works', 'startMs': 0, 'endMs': 4720, 'confidence': None}, {'text': 'Hello world epic everybody we called we leave we love', 'startMs': 4720, 'endMs': 10053, 'confidence': None}, {'text': 'we lie', 'startMs': 10053, 'endMs': 11120, 'confidence': None}]
Error while processing video creation: 'user'
Error while processing video creation: 'user'
An unexpected error occurred: Failed to connect. Probable cause: Unknown
C:\Users\USER\Documents\Coding\sidehustles\Tweetflow\backend\media/583baa77-015b-4aed-81cf-c9bc7c38d12d\output.mp3
[{'text': 'Hello world epic joeel. I hope that this shit works', 'startMs': 0, 'endMs': 4720, 'confidence': None}, {'text': 'Hello world epic everybody we called we leave we love', 'startMs': 4720, 'endMs': 10053, 'confidence': None}, {'text': 'we lie', 'startMs': 10053, 'endMs': 11120, 'confidence': None}]
Error while processing video creation: 'int' object is not subscriptable
C:\Users\USER\Documents\Coding\sidehustles\Tweetflow\backend\media/ff778323-1b0e-4a5b-8cca-e7a532d83c47\output.mp3
[{'text': 'Hello world epic joeel. I hope that this shit works', 'startMs': 0, 'endMs': 4720, 'confidence': None}, {'text': 'Hello world epic everybody we called we leave we love', 'startMs': 4720, 'endMs': 10053, 'confidence': None}, {'text': 'we lie', 'startMs': 10053, 'endMs': 11120, 'confidence': None}]
Error while processing video creation: 'int' object is not subscriptable
C:\Users\USER\Documents\Coding\sidehustles\Tweetflow\backend\media/1e5fe6a4-3d26-4936-892a-c8e5944d40ac\output.mp3
[{'text': 'Hello world epic joeel. I hope that this shit works', 'startMs': 0, 'endMs': 4720, 'confidence': None}, {'text': 'Hello world epic everybody we called we leave we love', 'startMs': 4720, 'endMs': 10053, 'confidence': None}, {'text': 'we lie', 'startMs': 10053, 'endMs': 11120, 'confidence': None}]
Error while processing video creation: 'int' object is not subscriptable
Internal Server Error: /api/get-voice-by-id/061a94a7-f7d3-4f03-8244-2fa1451c1fb3/
Get ElevenLabs voices error: 'Settings' object has no attribute 'CONVERTER_SERVER_URL'
Internal Server Error: /api/voice-models/
Get ElevenLabs voices error: 'Settings' object has no attribute 'CONVERTER_SERVER_URL'
Internal Server Error: /api/voice-models/
Internal Server Error: /api/get-voice-by-id/061a94a7-f7d3-4f03-8244-2fa1451c1fb3/
Internal Server Error: /api/get-voice-by-id/061a94a7-f7d3-4f03-8244-2fa1451c1fb3/
C:\Users\USER\Documents\Coding\sidehustles\Tweetflow\backend\media/6d037f97-dc82-44f2-931b-bc895209383e\output.mp3
C:\Users\USER\Documents\Coding\sidehustles\Tweetflow\backend\media/015369ab-c99d-4f2a-87ba-d586daf772a3\output.mp3
[{'text': 'SDFG SDFG', 'startMs': 0, 'endMs': 5000, 'confidence': None}]
Error while processing video creation: 'int' object is not subscriptable
[{'text': 'This limits the functions that could be executed.', 'startMs': 0, 'endMs': 4400, 'confidence': None}]
Error while processing video creation: 'int' object is not subscriptable
C:\Users\USER\Documents\Coding\sidehustles\Tweetflow\backend\media/e732f4bb-da25-48b9-a643-a6d2ad3b64fd\output.mp3
[{'text': 'This limits the functions that could be executed.', 'startMs': 0, 'endMs': 4400, 'confidence': None}]
Error while processing video creation: 'int' object is not subscriptable
C:\Users\USER\Documents\Coding\sidehustles\Tweetflow\backend\media/ded5c205-3839-4719-b3dd-f365c527b16b\output.mp3
[{'text': 'This limits the functions that could be executed.', 'startMs': 0, 'endMs': 4000, 'confidence': None}]
Error while processing video creation: 'int' object is not subscriptable
Internal Server Error: /api/get-voice-by-id/061a94a7-f7d3-4f03-8244-2fa1451c1fb3/
Internal Server Error: /api/get-voice-by-id/061a94a7-f7d3-4f03-8244-2fa1451c1fb3/
Error while creating video: name 'debug' is not defined
Internal Server Error: /api/create-video/
Error while creating video: 'Response' object has no attribute 'data'
Internal Server Error: /api/create-video/
Error while creating video: 'Response' object has no attribute 'data'
Internal Server Error: /api/create-video/
C:\Users\USER\Documents\Coding\sidehustles\Tweetflow\backend\media/11b37b89-f004-41e0-ad72-80750c2e4814\output.mp3
[{'text': 'A is F-A-S-F-F-S-D-F-A-S-D-F', 'startMs': 0, 'endMs': 6000, 'confidence': None}]
Error while processing video creation: 'int' object is not subscriptable
Error while creating video: name 'debug' is not defined
Internal Server Error: /api/create-video/
http://127.0.0.1:5054
Error while creating video: 'Response' object has no attribute 'data'
Internal Server Error: /api/create-video/
http://127.0.0.1:5054
Error while creating video: 'Response' object has no attribute 'data'
Internal Server Error: /api/create-video/
http://127.0.0.1:5054
Error while creating video: decoding str is not supported
Internal Server Error: /api/create-video/
C:\Users\USER\Documents\Coding\sidehustles\Tweetflow\backend\media/ca1e47d4-d20f-4dbd-acfa-e9a0d4d0d2d8\output.mp3
[{'text': 'Requests allows you to send HTTP.', 'startMs': 0, 'endMs': 4000, 'confidence': None}]
Error while processing video creation: 'int' object is not subscriptable
C:\Users\USER\Documents\Coding\sidehustles\Tweetflow\backend\media/1e9c914d-a975-47ed-9385-114d3d4b6ea1\output.mp3
[{'text': "The exact URL you're sending.", 'startMs': 0, 'endMs': 3500, 'confidence': None}]
Error while processing video creation: 'int' object is not subscriptable
C:\Users\USER\Documents\Coding\sidehustles\Tweetflow\backend\media/107757e4-5e46-4bfa-b1a7-09c48805d914\output.mp3
[{'text': "The exact URL you're sending.", 'startMs': 0, 'endMs': 3500, 'confidence': None}]
Error while processing video creation: 'int' object is not subscriptable
Internal Server Error: /api/get-voice-by-id/061a94a7-f7d3-4f03-8244-2fa1451c1fb3/
Internal Server Error: /api/get-voice-by-id/061a94a7-f7d3-4f03-8244-2fa1451c1fb3/
C:\Users\USER\Documents\Coding\sidehustles\Tweetflow\backend\media/f144a11b-26fd-4e81-9c53-1f27fb4f68e9\output.mp3
[{'text': "The exact URL you're sending.", 'startMs': 0, 'endMs': 3500, 'confidence': None}]
Error while processing video creation: 'int' object is not subscriptable
C:\Users\USER\Documents\Coding\sidehustles\Tweetflow\backend\media/3d1830dd-dbe4-4b70-b751-01027ba81f1c\output.mp3
[{'text': "The exact URL you're sending.", 'startMs': 0, 'endMs': 3500, 'confidence': None}]
Error while processing video creation: 'int' object is not subscriptable
C:\Users\USER\Documents\Coding\sidehustles\Tweetflow\backend\media/91a8899c-b441-4e40-a98f-a8a67ab863e6\output.mp3
[{'text': "The exact URL you're sending.", 'startMs': 0, 'endMs': 3500, 'confidence': None}]
105
Error while processing video creation: 'int' object is not subscriptable
C:\Users\USER\Documents\Coding\sidehustles\Tweetflow\backend\media/4024fa86-681e-4826-912d-66d8dd16589d\output.mp3
105
Error while processing video creation: 'int' object is not subscriptable
C:\Users\USER\Documents\Coding\sidehustles\Tweetflow\backend\media/e081e86f-cc6f-43bf-a83d-7dea1f4afd7d\output.mp3
Request Error: 400 Client Error: Bad Request for url: http://127.0.0.1:5054/api/create-video
Error while creating video: In order to allow non-dict objects to be serialized set the safe parameter to False.
Internal Server Error: /api/create-video/
C:\Users\USER\Documents\Coding\sidehustles\Tweetflow\backend\media/bec3b453-2119-4968-92ac-2af393a691c3\output.mp3
Request Error: 400 Client Error: Bad Request for url: http://127.0.0.1:5054/api/create-video
Error while creating video: In order to allow non-dict objects to be serialized set the safe parameter to False.
Internal Server Error: /api/create-video/
C:\Users\USER\Documents\Coding\sidehustles\Tweetflow\backend\media/f0a797f5-7084-4816-9ec8-9c452d58f2ee\output.mp3
Request Error: 400 Client Error: Bad Request for url: http://127.0.0.1:5054/api/create-video
Error while creating video: In order to allow non-dict objects to be serialized set the safe parameter to False.
Internal Server Error: /api/create-video/
C:\Users\USER\Documents\Coding\sidehustles\Tweetflow\backend\media/cc7f8b37-2b74-423c-8519-b324cb2d08fe\output.mp3
Error while creating video: In order to allow non-dict objects to be serialized set the safe parameter to False.
Internal Server Error: /api/create-video/
Internal Server Error: /api/get-voice-by-id/061a94a7-f7d3-4f03-8244-2fa1451c1fb3/
Internal Server Error: /api/get-voice-by-id/061a94a7-f7d3-4f03-8244-2fa1451c1fb3/
